    正在创建库 E:\workspace\HorseRaceTeller\x64\Debug\TellerHorseRaceTest.lib 和对象 E:\workspace\HorseRaceTeller\x64\Debug\TellerHorseRaceTest.exp
TellerHorseRaceTest.obj : error LNK2001: 无法解析的外部符号 "public: virtual void __cdecl TellerLogger::PrintLine(class std::basic_string<char,struct std::char_traits<char>,class std::allocator<char> >)" (?PrintLine@TellerLogger@@UEAAXV?$basic_string@DU?$char_traits@D@std@@V?$allocator@D@2@@std@@@Z)
TellerHorseRaceTest.obj : error LNK2019: 无法解析的外部符号 "public: __cdecl GameFunds::GameFunds(class std::shared_ptr<class ILogger>)" (??0GameFunds@@QEAA@V?$shared_ptr@VILogger@@@std@@@Z)，函数 "void __cdecl std::_Construct_in_place<class GameFunds,class std::shared_ptr<class TellerLogger> &>(class GameFunds &,class std::shared_ptr<class TellerLogger> &)" (??$_Construct_in_place@VGameFunds@@AEAV?$shared_ptr@VTellerLogger@@@std@@@std@@YAXAEAVGameFunds@@AEAV?$shared_ptr@VTellerLogger@@@0@@Z) 中引用了该符号
TellerHorseRaceTest.obj : error LNK2019: 无法解析的外部符号 "public: __cdecl GamePlayers::GamePlayers(class std::shared_ptr<class IGameFunds>,class std::shared_ptr<class ILogger>)" (??0GamePlayers@@QEAA@V?$shared_ptr@VIGameFunds@@@std@@V?$shared_ptr@VILogger@@@2@@Z)，函数 "void __cdecl std::_Construct_in_place<class GamePlayers,class std::shared_ptr<class GameFunds> &,class std::shared_ptr<class TellerLogger> &>(class GamePlayers &,class std::shared_ptr<class GameFunds> &,class std::shared_ptr<class TellerLogger> &)" (??$_Construct_in_place@VGamePlayers@@AEAV?$shared_ptr@VGameFunds@@@std@@AEAV?$shared_ptr@VTellerLogger@@@3@@std@@YAXAEAVGamePlayers@@AEAV?$shared_ptr@VGameFunds@@@0@AEAV?$shared_ptr@VTellerLogger@@@0@@Z) 中引用了该符号
TellerHorseRaceTest.obj : error LNK2019: 无法解析的外部符号 "public: __cdecl Teller::Teller(class std::shared_ptr<class IGamePlayers>,class std::shared_ptr<class IGameFunds>,class std::shared_ptr<class ILogger>)" (??0Teller@@QEAA@V?$shared_ptr@VIGamePlayers@@@std@@V?$shared_ptr@VIGameFunds@@@2@V?$shared_ptr@VILogger@@@2@@Z)，函数 "void __cdecl std::_Construct_in_place<class Teller,class std::shared_ptr<class GamePlayers> &,class std::shared_ptr<class GameFunds> &,class std::shared_ptr<class TellerLogger> &>(class Teller &,class std::shared_ptr<class GamePlayers> &,class std::shared_ptr<class GameFunds> &,class std::shared_ptr<class TellerLogger> &)" (??$_Construct_in_place@VTeller@@AEAV?$shared_ptr@VGamePlayers@@@std@@AEAV?$shared_ptr@VGameFunds@@@3@AEAV?$shared_ptr@VTellerLogger@@@3@@std@@YAXAEAVTeller@@AEAV?$shared_ptr@VGamePlayers@@@0@AEAV?$shared_ptr@VGameFunds@@@0@AEAV?$shared_ptr@VTellerLogger@@@0@@Z) 中引用了该符号
TellerHorseRaceTest.obj : error LNK2019: 无法解析的外部符号 "public: void __cdecl Teller::ExecuteCommand(class std::basic_string<char,struct std::char_traits<char>,class std::allocator<char> >)" (?ExecuteCommand@Teller@@QEAAXV?$basic_string@DU?$char_traits@D@std@@V?$allocator@D@2@@std@@@Z)，函数 "public: void __cdecl TellerHorseRaceTest::TellerHorseRaceTest::TestSetWinner(void)" (?TestSetWinner@TellerHorseRaceTest@1@QEAAXXZ) 中引用了该符号
E:\workspace\HorseRaceTeller\x64\Debug\TellerHorseRaceTest.dll : fatal error LNK1120: 5 个无法解析的外部命令
